# JRE version: Java(TM) SE Runtime Environment (8.0_25-b18) (build 1.8.0_25-b18)
# Java VM: Java HotSpot(TM) 64-Bit Server VM (25.25-b02 mixed mode windows-amd64 compressed oops)
Heap:
 PSYoungGen      total 42496K, used 5558K [0x00000007bc400000, 0x00000007c0000000, 0x00000007c0000000)
  eden space 24576K, 10% used [0x00000007bc400000,0x00000007bc685558,0x00000007bdc00000)
  from space 17920K, 16% used [0x00000007bdc00000,0x00000007bdee82a8,0x00000007bed80000)
  to   space 16896K, 0% used [0x00000007bef80000,0x00000007bef80000,0x00000007c0000000)
 ParOldGen       total 125952K, used 33809K [0x0000000700000000, 0x0000000707b00000, 0x00000007bc400000)
  object space 125952K, 26% used [0x0000000700000000,0x00000007021044a8,0x0000000707b00000)
 Metaspace       used 49795K, capacity 50063K, committed 50560K, reserved 1093632K
  class space    used 7202K, capacity 7280K, committed 7296K, reserved 1048576K
GC Heap History (10 events):
Event: 20.223 GC heap before
{Heap before GC invocations=18 (full 3):
 PSYoungGen      total 40960K, used 20896K [0x00000007bc400000, 0x00000007c0000000, 0x00000007c0000000)
  eden space 20480K, 100% used [0x00000007bc400000,0x00000007bd800000,0x00000007bd800000)
  from space 20480K, 2% used [0x00000007bec00000,0x00000007bec68000,0x00000007c0000000)
  to   space 20480K, 0% used [0x00000007bd800000,0x00000007bd800000,0x00000007bec00000)
 ParOldGen       total 125952K, used 33377K [0x0000000700000000, 0x0000000707b00000, 0x00000007bc400000)
  object space 125952K, 26% used [0x0000000700000000,0x0000000702098428,0x0000000707b00000)
 Metaspace       used 47433K, capacity 47695K, committed 48256K, reserved 1091584K
  class space    used 6962K, capacity 7024K, committed 7040K, reserved 1048576K
Event: 20.230 GC heap after
Heap after GC invocations=18 (full 3):
 PSYoungGen      total 40960K, used 448K [0x00000007bc400000, 0x00000007c0000000, 0x00000007c0000000)
  eden space 20480K, 0% used [0x00000007bc400000,0x00000007bc400000,0x00000007bd800000)
  from space 20480K, 2% used [0x00000007bd800000,0x00000007bd870000,0x00000007bec00000)
  to   space 20480K, 0% used [0x00000007bec00000,0x00000007bec00000,0x00000007c0000000)
 ParOldGen       total 125952K, used 33681K [0x0000000700000000, 0x0000000707b00000, 0x00000007bc400000)
  object space 125952K, 26% used [0x0000000700000000,0x00000007020e44a8,0x0000000707b00000)
 Metaspace       used 47433K, capacity 47695K, committed 48256K, reserved 1091584K
  class space    used 6962K, capacity 7024K, committed 7040K, reserved 1048576K
}
Event: 23.994 GC heap before
{Heap before GC invocations=19 (full 3):
 PSYoungGen      total 40960K, used 20928K [0x00000007bc400000, 0x00000007c0000000, 0x00000007c0000000)
  eden space 20480K, 100% used [0x00000007bc400000,0x00000007bd800000,0x00000007bd800000)
  from space 20480K, 2% used [0x00000007bd800000,0x00000007bd870000,0x00000007bec00000)
  to   space 20480K, 0% used [0x00000007bec00000,0x00000007bec00000,0x00000007c0000000)
 ParOldGen       total 125952K, used 33681K [0x0000000700000000, 0x0000000707b00000, 0x00000007bc400000)
  object space 125952K, 26% used [0x0000000700000000,0x00000007020e44a8,0x0000000707b00000)
 Metaspace       used 47753K, capacity 48047K, committed 48640K, reserved 1091584K
  class space    used 6980K, capacity 7056K, committed 7168K, reserved 1048576K
Event: 23.997 GC heap after
Heap after GC invocations=19 (full 3):
 PSYoungGen      total 41472K, used 1107K [0x00000007bc400000, 0x00000007c0000000, 0x00000007c0000000)
  eden space 20992K, 0% used [0x00000007bc400000,0x00000007bc400000,0x00000007bd880000)
  from space 20480K, 5% used [0x00000007bec00000,0x00000007bed14fb0,0x00000007c0000000)
  to   space 19968K, 0% used [0x00000007bd880000,0x00000007bd880000,0x00000007bec00000)
 ParOldGen       total 125952K, used 33785K [0x0000000700000000, 0x0000000707b00000, 0x00000007bc400000)
  object space 125952K, 26% used [0x0000000700000000,0x00000007020fe4a8,0x0000000707b00000)
 Metaspace       used 47753K, capacity 48047K, committed 48640K, reserved 1091584K
  class space    used 6980K, capacity 7056K, committed 7168K, reserved 1048576K
}
Event: 36.040 GC heap before
{Heap before GC invocations=20 (full 3):
 PSYoungGen      total 41472K, used 22099K [0x00000007bc400000, 0x00000007c0000000, 0x00000007c0000000)
  eden space 20992K, 100% used [0x00000007bc400000,0x00000007bd880000,0x00000007bd880000)
  from space 20480K, 5% used [0x00000007bec00000,0x00000007bed14fb0,0x00000007c0000000)
  to   space 19968K, 0% used [0x00000007bd880000,0x00000007bd880000,0x00000007bec00000)
 ParOldGen       total 125952K, used 33785K [0x0000000700000000, 0x0000000707b00000, 0x00000007bc400000)
  object space 125952K, 26% used [0x0000000700000000,0x00000007020fe4a8,0x0000000707b00000)
 Metaspace       used 49195K, capacity 49455K, committed 50048K, reserved 1091584K
  class space    used 7167K, capacity 7248K, committed 7296K, reserved 1048576K
Event: 36.050 GC heap after
Heap after GC invocations=20 (full 3):
 PSYoungGen      total 40960K, used 3361K [0x00000007bc400000, 0x00000007c0000000, 0x00000007c0000000)
  eden space 20992K, 0% used [0x00000007bc400000,0x00000007bc400000,0x00000007bd880000)
  from space 19968K, 16% used [0x00000007bd880000,0x00000007bdbc8758,0x00000007bec00000)
  to   space 18944K, 0% used [0x00000007bed80000,0x00000007bed80000,0x00000007c0000000)
 ParOldGen       total 125952K, used 33793K [0x0000000700000000, 0x0000000707b00000, 0x00000007bc400000)
  object space 125952K, 26% used [0x0000000700000000,0x00000007021004a8,0x0000000707b00000)
 Metaspace       used 49195K, capacity 49455K, committed 50048K, reserved 1091584K
  class space    used 7167K, capacity 7248K, committed 7296K, reserved 1048576K
}
Event: 46.502 GC heap before
{Heap before GC invocations=21 (full 3):
 PSYoungGen      total 40960K, used 24353K [0x00000007bc400000, 0x00000007c0000000, 0x00000007c0000000)
  eden space 20992K, 100% used [0x00000007bc400000,0x00000007bd880000,0x00000007bd880000)
  from space 19968K, 16% used [0x00000007bd880000,0x00000007bdbc8758,0x00000007bec00000)
  to   space 18944K, 0% used [0x00000007bed80000,0x00000007bed80000,0x00000007c0000000)
 ParOldGen       total 125952K, used 33793K [0x0000000700000000, 0x0000000707b00000, 0x00000007bc400000)
  object space 125952K, 26% used [0x0000000700000000,0x00000007021004a8,0x0000000707b00000)
 Metaspace       used 49557K, capacity 49839K, committed 50304K, reserved 1091584K
  class space    used 7191K, capacity 7248K, committed 7296K, reserved 1048576K
Event: 46.508 GC heap after
Heap after GC invocations=21 (full 3):
 PSYoungGen      total 43520K, used 3020K [0x00000007bc400000, 0x00000007c0000000, 0x00000007c0000000)
  eden space 24576K, 0% used [0x00000007bc400000,0x00000007bc400000,0x00000007bdc00000)
  from space 18944K, 15% used [0x00000007bed80000,0x00000007bf073198,0x00000007c0000000)
  to   space 17920K, 0% used [0x00000007bdc00000,0x00000007bdc00000,0x00000007bed80000)
 ParOldGen       total 125952K, used 33801K [0x0000000700000000, 0x0000000707b00000, 0x00000007bc400000)
  object space 125952K, 26% used [0x0000000700000000,0x00000007021024a8,0x0000000707b00000)
 Metaspace       used 49557K, capacity 49839K, committed 50304K, reserved 1091584K
  class space    used 7191K, capacity 7248K, committed 7296K, reserved 1048576K
}
Event: 56.669 GC heap before
{Heap before GC invocations=22 (full 3):
 PSYoungGen      total 43520K, used 27596K [0x00000007bc400000, 0x00000007c0000000, 0x00000007c0000000)
  eden space 24576K, 100% used [0x00000007bc400000,0x00000007bdc00000,0x00000007bdc00000)
  from space 18944K, 15% used [0x00000007bed80000,0x00000007bf073198,0x00000007c0000000)
  to   space 17920K, 0% used [0x00000007bdc00000,0x00000007bdc00000,0x00000007bed80000)
 ParOldGen       total 125952K, used 33801K [0x0000000700000000, 0x0000000707b00000, 0x00000007bc400000)
  object space 125952K, 26% used [0x0000000700000000,0x00000007021024a8,0x0000000707b00000)
 Metaspace       used 49779K, capacity 50063K, committed 50560K, reserved 1093632K
  class space    used 7202K, capacity 7280K, committed 7296K, reserved 1048576K
Event: 56.675 GC heap after
Heap after GC invocations=22 (full 3):
 PSYoungGen      total 42496K, used 2976K [0x00000007bc400000, 0x00000007c0000000, 0x00000007c0000000)
  eden space 24576K, 0% used [0x00000007bc400000,0x00000007bc400000,0x00000007bdc00000)
  from space 17920K, 16% used [0x00000007bdc00000,0x00000007bdee82a8,0x00000007bed80000)
  to   space 16896K, 0% used [0x00000007bef80000,0x00000007bef80000,0x00000007c0000000)
 ParOldGen       total 125952K, used 33809K [0x0000000700000000, 0x0000000707b00000, 0x00000007bc400000)
  object space 125952K, 26% used [0x0000000700000000,0x00000007021044a8,0x0000000707b00000)
 Metaspace       used 49779K, capacity 50063K, committed 50560K, reserved 1093632K
  class space    used 7202K, capacity 7280K, committed 7296K, reserved 1048576K
}

